<?xml version="1.0" encoding="UTF-8"?>
<testng-results ignored="0" total="2" passed="2" failed="0" skipped="0">
  <reporter-output>
  </reporter-output>
  <suite started-at="2026-02-20T16:26:03 IST" name="Grid Suite" finished-at="2026-02-20T16:26:14 IST" duration-ms="10322">
    <groups>
    </groups>
    <test started-at="2026-02-20T16:26:03 IST" name="Chrome_Test" finished-at="2026-02-20T16:26:09 IST" duration-ms="6149">
      <class name="demo.GridLoginTest">
        <test-method is-config="true" signature="setUp(java.lang.String,java.lang.String)[pri:0, instance:demo.GridLoginTest@76508ed1]" started-at="2026-02-20T16:26:03 IST" name="setUp" finished-at="2026-02-20T16:26:08 IST" duration-ms="4591" status="PASS">
          <params>
            <param index="0">
              <value>
                <![CDATA[chrome]]>
              </value>
            </param>
            <param index="1">
              <value>
                <![CDATA[http://localhost:4444]]>
              </value>
            </param>
          </params>
          <reporter-output>
          </reporter-output>
        </test-method> <!-- setUp -->
        <test-method signature="openHomePageAndVerifyTitle()[pri:0, instance:demo.GridLoginTest@76508ed1]" started-at="2026-02-20T16:26:08 IST" name="openHomePageAndVerifyTitle" finished-at="2026-02-20T16:26:09 IST" duration-ms="1223" status="PASS">
          <reporter-output>
          </reporter-output>
        </test-method> <!-- openHomePageAndVerifyTitle -->
        <test-method is-config="true" signature="tearDown()[pri:0, instance:demo.GridLoginTest@76508ed1]" started-at="2026-02-20T16:26:09 IST" name="tearDown" finished-at="2026-02-20T16:26:09 IST" duration-ms="279" status="PASS">
          <reporter-output>
          </reporter-output>
        </test-method> <!-- tearDown -->
      </class> <!-- demo.GridLoginTest -->
    </test> <!-- Chrome_Test -->
    <test started-at="2026-02-20T16:26:03 IST" name="Firefox_Test" finished-at="2026-02-20T16:26:14 IST" duration-ms="10322">
      <class name="demo.GridLoginTest">
        <test-method is-config="true" signature="setUp(java.lang.String,java.lang.String)[pri:0, instance:demo.GridLoginTest@5876a9af]" started-at="2026-02-20T16:26:03 IST" name="setUp" finished-at="2026-02-20T16:26:11 IST" duration-ms="8200" status="PASS">
          <params>
            <param index="0">
              <value>
                <![CDATA[firefox]]>
              </value>
            </param>
            <param index="1">
              <value>
                <![CDATA[http://localhost:4444]]>
              </value>
            </param>
          </params>
          <reporter-output>
          </reporter-output>
        </test-method> <!-- setUp -->
        <test-method signature="openHomePageAndVerifyTitle()[pri:0, instance:demo.GridLoginTest@5876a9af]" started-at="2026-02-20T16:26:11 IST" name="openHomePageAndVerifyTitle" finished-at="2026-02-20T16:26:12 IST" duration-ms="572" status="PASS">
          <reporter-output>
          </reporter-output>
        </test-method> <!-- openHomePageAndVerifyTitle -->
        <test-method is-config="true" signature="tearDown()[pri:0, instance:demo.GridLoginTest@5876a9af]" started-at="2026-02-20T16:26:12 IST" name="tearDown" finished-at="2026-02-20T16:26:14 IST" duration-ms="1503" status="PASS">
          <reporter-output>
          </reporter-output>
        </test-method> <!-- tearDown -->
      </class> <!-- demo.GridLoginTest -->
    </test> <!-- Firefox_Test -->
  </suite> <!-- Grid Suite -->
</testng-results>
